<?xml version="1.0" encoding="UTF-8"?>
<!-- Generated by org.testng.reporters.JUnitXMLReporter -->
<testsuite ignored="16" hostname="CC-GTD-101" failures="0" tests="1" name="Default test" time="12.076" errors="0" timestamp="10 nov. 2022 13:44:02 GMT">
  <testcase classname="tests.CasosDePrueba" name="CP002_LoginClaveVacia" time="7.144"/>
  <testcase classname="tests.CasosDePrueba" name="CP008_LoginVacio" time="0.0">
    <ignored/>
  </testcase> <!-- CP008_LoginVacio -->
  <testcase classname="tests.CasosDePrueba" name="CP003_LoginUsuarioVacio" time="0.0">
    <ignored/>
  </testcase> <!-- CP003_LoginUsuarioVacio -->
  <testcase classname="tests.CasosDePrueba" name="CP007_Documentos" time="0.0">
    <ignored/>
  </testcase> <!-- CP007_Documentos -->
  <testcase classname="tests.CasosDePrueba" name="CP007_LoginNoOK2" time="0.0">
    <ignored/>
  </testcase> <!-- CP007_LoginNoOK2 -->
  <testcase classname="tests.CasosDePrueba" name="CP004_RegistrateNotOk" time="0.0">
    <ignored/>
  </testcase> <!-- CP004_RegistrateNotOk -->
  <testcase classname="tests.CasosDePrueba" name="CP004_LoginUsuarioInvalido" time="0.0">
    <ignored/>
  </testcase> <!-- CP004_LoginUsuarioInvalido -->
  <testcase classname="tests.CasosDePrueba" name="CP008_Beneficios" time="0.0">
    <ignored/>
  </testcase> <!-- CP008_Beneficios -->
  <testcase classname="tests.CasosDePrueba" name="CP001_LoginOk" time="0.0">
    <ignored/>
  </testcase> <!-- CP001_LoginOk -->
  <testcase classname="tests.CasosDePrueba" name="CP004_Inicio" time="0.0">
    <ignored/>
  </testcase> <!-- CP004_Inicio -->
  <testcase classname="tests.CasosDePrueba" name="CP003_RegistrateOk" time="0.0">
    <ignored/>
  </testcase> <!-- CP003_RegistrateOk -->
  <testcase classname="tests.CasosDePrueba" name="CP006_LoginNoOK1" time="0.0">
    <ignored/>
  </testcase> <!-- CP006_LoginNoOK1 -->
  <testcase classname="tests.CasosDePrueba" name="CP009_VerPagos" time="0.0">
    <ignored/>
  </testcase> <!-- CP009_VerPagos -->
  <testcase classname="tests.CasosDePrueba" name="CP005_LoginClaveInvalida" time="0.0">
    <ignored/>
  </testcase> <!-- CP005_LoginClaveInvalida -->
  <testcase classname="tests.CasosDePrueba" name="CP005_Encuentranos" time="0.0">
    <ignored/>
  </testcase> <!-- CP005_Encuentranos -->
  <testcase classname="tests.CasosDePrueba" name="CP006_Capacitacion" time="0.0">
    <ignored/>
  </testcase> <!-- CP006_Capacitacion -->
  <testcase classname="tests.CasosDePrueba" name="CP005_IrAPagarMiCredito" time="0.0">
    <ignored/>
  </testcase> <!-- CP005_IrAPagarMiCredito -->
</testsuite> <!-- Default test -->
