<?xml version="1.0" encoding="UTF-8"?>
<!-- Generated by org.testng.reporters.JUnitXMLReporter -->
<testsuite ignored="16" hostname="CC-GTD-101" failures="0" tests="1" name="Pruebas" time="0.01" errors="0" timestamp="10 nov. 2022 13:01:35 GMT">
  <testcase classname="tests.CasosDePrueba" name="@BeforeSuite preparacion" time="0.011">
    <failure type="java.lang.Error" message="Unresolved compilation problems: 
	The type java.util.function.Function cannot be resolved. It is indirectly referenced from required .class files
	The method until(Function&amp;lt;? super WebDriver,V&amp;gt;) from the type FluentWait&amp;lt;WebDriver&amp;gt; refers to the missing type Function
">
      <![CDATA[java.lang.Error: Unresolved compilation problems: 
The type java.util.function.Function cannot be resolved. It is indirectly referenced from required .class files
The method until(Function<? super WebDriver,V>) from the type FluentWait<WebDriver> refers to the missing type Function

at utils.ClaseBase.<init>(ClaseBase.java:172)
at pages.HomePage.<init>(HomePage.java:37)
at tests.CasosDePrueba.preparacion(CasosDePrueba.java:42)
... Removed 24 stack frames]]>
    </failure>
  </testcase> <!-- @BeforeSuite preparacion -->
  <testcase classname="tests.CasosDePrueba" name="@BeforeTest preparacion2" time="0.0">
    <skipped/>
  </testcase> <!-- @BeforeTest preparacion2 -->
  <testcase classname="tests.CasosDePrueba" name="@BeforeMethod preparacionTests" time="0.0">
    <skipped/>
  </testcase> <!-- @BeforeMethod preparacionTests -->
  <testcase classname="tests.CasosDePrueba" name="@AfterMethod posTests" time="0.0">
    <skipped/>
  </testcase> <!-- @AfterMethod posTests -->
  <testcase classname="tests.CasosDePrueba" name="CP005_IrAPagarMiCredito" time="0.0">
    <skipped/>
  </testcase> <!-- CP005_IrAPagarMiCredito -->
  <testcase classname="tests.CasosDePrueba" name="CP008_LoginVacio" time="0.0">
    <ignored/>
  </testcase> <!-- CP008_LoginVacio -->
  <testcase classname="tests.CasosDePrueba" name="CP003_LoginUsuarioVacio" time="0.0">
    <ignored/>
  </testcase> <!-- CP003_LoginUsuarioVacio -->
  <testcase classname="tests.CasosDePrueba" name="CP007_Documentos" time="0.0">
    <ignored/>
  </testcase> <!-- CP007_Documentos -->
  <testcase classname="tests.CasosDePrueba" name="CP007_LoginNoOK2" time="0.0">
    <ignored/>
  </testcase> <!-- CP007_LoginNoOK2 -->
  <testcase classname="tests.CasosDePrueba" name="CP004_RegistrateNotOk" time="0.0">
    <ignored/>
  </testcase> <!-- CP004_RegistrateNotOk -->
  <testcase classname="tests.CasosDePrueba" name="CP004_LoginUsuarioInvalido" time="0.0">
    <ignored/>
  </testcase> <!-- CP004_LoginUsuarioInvalido -->
  <testcase classname="tests.CasosDePrueba" name="CP008_Beneficios" time="0.0">
    <ignored/>
  </testcase> <!-- CP008_Beneficios -->
  <testcase classname="tests.CasosDePrueba" name="CP002_LoginClaveVacia" time="0.0">
    <ignored/>
  </testcase> <!-- CP002_LoginClaveVacia -->
  <testcase classname="tests.CasosDePrueba" name="CP001_LoginOk" time="0.0">
    <ignored/>
  </testcase> <!-- CP001_LoginOk -->
  <testcase classname="tests.CasosDePrueba" name="CP004_Inicio" time="0.0">
    <ignored/>
  </testcase> <!-- CP004_Inicio -->
  <testcase classname="tests.CasosDePrueba" name="CP003_RegistrateOk" time="0.0">
    <ignored/>
  </testcase> <!-- CP003_RegistrateOk -->
  <testcase classname="tests.CasosDePrueba" name="CP006_LoginNoOK1" time="0.0">
    <ignored/>
  </testcase> <!-- CP006_LoginNoOK1 -->
  <testcase classname="tests.CasosDePrueba" name="CP009_VerPagos" time="0.0">
    <ignored/>
  </testcase> <!-- CP009_VerPagos -->
  <testcase classname="tests.CasosDePrueba" name="CP005_LoginClaveInvalida" time="0.0">
    <ignored/>
  </testcase> <!-- CP005_LoginClaveInvalida -->
  <testcase classname="tests.CasosDePrueba" name="CP005_Encuentranos" time="0.0">
    <ignored/>
  </testcase> <!-- CP005_Encuentranos -->
  <testcase classname="tests.CasosDePrueba" name="CP006_Capacitacion" time="0.0">
    <ignored/>
  </testcase> <!-- CP006_Capacitacion -->
</testsuite> <!-- Pruebas -->
